<?xml version='1.0' encoding='UTF-8' ?>
<testsuite name="com.android.build.gradle.internal.testing.ConnectedDevice" tests="1" failures="1" errors="0" skipped="0" time="54.697" timestamp="2022-05-09T16:01:15" hostname="localhost">
  <properties>
    <property name="device" value="Pixel_2_API_30(AVD) - 11" />
    <property name="flavor" value="debugAndroidTest" />
    <property name="project" value="app" />
  </properties>
  <testcase name="No tests found." classname="com.android.build.gradle.internal.testing.ConnectedDevice" time="0.002">
    <failure>No tests found. This usually means that your test classes are not in the form that your test runner expects (e.g. don't inherit from TestCase or lack &#64;Test annotations).</failure>
  </testcase>
</testsuite>